Start testing: Jan 15 20:35 MSK
----------------------------------------------------------
1/2 Testing: Ranges
1/2 Test: Ranges
Command: "/Users/nikitakulikov/Documents/SWork/Minimize/build/bin/run/test1"
Directory: /Users/nikitakulikov/Documents/SWork/Minimize/build/build/test
"Ranges" start time: Jan 15 20:35 MSK
Output:
----------------------------------------------------------
Running 3 test cases...

[1;32;49m*** No errors detected
[0;39;49m
<end of output>
Test time =   0.01 sec
----------------------------------------------------------
Test Passed.
"Ranges" end time: Jan 15 20:35 MSK
"Ranges" time elapsed: 00:00:00
----------------------------------------------------------

2/2 Testing: Derivate
2/2 Test: Derivate
Command: "/Users/nikitakulikov/Documents/SWork/Minimize/build/bin/run/test2"
Directory: /Users/nikitakulikov/Documents/SWork/Minimize/build/build/test
"Derivate" start time: Jan 15 20:35 MSK
Output:
----------------------------------------------------------
Running 1 test case...

[1;32;49m*** No errors detected
[0;39;49m
<end of output>
Test time =   0.01 sec
----------------------------------------------------------
Test Passed.
"Derivate" end time: Jan 15 20:35 MSK
"Derivate" time elapsed: 00:00:00
----------------------------------------------------------

End testing: Jan 15 20:35 MSK
